<?xml version="1.0" encoding="UTF-8"?>
<testng-results ignored="0" total="1" passed="1" failed="0" skipped="0">
  <reporter-output>
  </reporter-output>
  <suite started-at="2021-02-07T14:57:49 IST" name="Default suite" finished-at="2021-02-07T14:58:04 IST" duration-ms="14737">
    <groups>
    </groups>
    <test started-at="2021-02-07T14:57:49 IST" name="Default test" finished-at="2021-02-07T14:58:04 IST" duration-ms="14737">
      <class name="com.testcases.RediffLoginTest">
        <test-method signature="login()[pri:0, instance:com.testcases.RediffLoginTest@609db43b]" started-at="2021-02-07T14:57:49 IST" name="login" finished-at="2021-02-07T14:58:04 IST" duration-ms="14675" status="PASS">
          <reporter-output>
          </reporter-output>
        </test-method> <!-- login -->
      </class> <!-- com.testcases.RediffLoginTest -->
    </test> <!-- Default test -->
  </suite> <!-- Default suite -->
</testng-results>
