<?xml version="1.0" encoding="UTF-8"?>
<testng-results ignored="2" total="13" passed="11" failed="0" skipped="0">
  <reporter-output>
  </reporter-output>
  <suite started-at="2021-02-05T15:19:45 IST" name="Loan Department" finished-at="2021-02-05T15:19:45 IST" duration-ms="124">
    <groups>
      <group name="Smoke">
        <method signature="Day2.demo2()[pri:0, instance:test.Day2@524d6d96]" name="demo2" class="test.Day2"/>
        <method signature="Day4.WebLoginHomeLoan()[pri:0, instance:test.Day4@4ef37659]" name="WebLoginHomeLoan" class="test.Day4"/>
        <method signature="Day3.MobileLogoutCarLoan()[pri:0, instance:test.Day3@625732]" name="MobileLogoutCarLoan" class="test.Day3"/>
      </group> <!-- Smoke -->
    </groups>
    <test started-at="2021-02-05T15:19:45 IST" name="Personal Loan" finished-at="2021-02-05T15:19:45 IST" duration-ms="39">
      <class name="test.Day1">
        <test-method signature="demo()[pri:0, instance:test.Day1@44a7bfbc]" started-at="2021-02-05T15:19:45 IST" name="demo" finished-at="2021-02-05T15:19:45 IST" duration-ms="3" status="PASS">
          <reporter-output>
          </reporter-output>
        </test-method> <!-- demo -->
      </class> <!-- test.Day1 -->
      <class name="test.Day2">
        <test-method is-config="true" signature="runbeforetest()[pri:0, instance:test.Day2@524d6d96]" started-at="2021-02-05T15:19:45 IST" name="runbeforetest" finished-at="2021-02-05T15:19:45 IST" duration-ms="1" status="PASS">
          <reporter-output>
          </reporter-output>
        </test-method> <!-- runbeforetest -->
        <test-method signature="demo2()[pri:0, instance:test.Day2@524d6d96]" started-at="2021-02-05T15:19:45 IST" name="demo2" finished-at="2021-02-05T15:19:45 IST" duration-ms="1" status="PASS">
          <reporter-output>
          </reporter-output>
        </test-method> <!-- demo2 -->
        <test-method is-config="true" signature="runbeforeclass()[pri:0, instance:test.Day2@524d6d96]" started-at="2021-02-05T15:19:45 IST" name="runbeforeclass" finished-at="2021-02-05T15:19:45 IST" duration-ms="0" status="PASS">
          <reporter-output>
          </reporter-output>
        </test-method> <!-- runbeforeclass -->
        <test-method is-config="true" signature="runafterclass()[pri:0, instance:test.Day2@524d6d96]" started-at="2021-02-05T15:19:45 IST" name="runafterclass" finished-at="2021-02-05T15:19:45 IST" duration-ms="0" status="PASS">
          <reporter-output>
          </reporter-output>
        </test-method> <!-- runafterclass -->
        <test-method is-config="true" signature="runaftertest()[pri:0, instance:test.Day2@524d6d96]" started-at="2021-02-05T15:19:45 IST" name="runaftertest" finished-at="2021-02-05T15:19:45 IST" duration-ms="0" status="PASS">
          <reporter-output>
          </reporter-output>
        </test-method> <!-- runaftertest -->
      </class> <!-- test.Day2 -->
      <class name="test.Day4">
        <test-method signature="LoginAPIHomeLoan()[pri:0, instance:test.Day4@4ef37659]" started-at="2021-02-05T15:19:45 IST" name="LoginAPIHomeLoan" finished-at="2021-02-05T15:19:45 IST" duration-ms="1" status="PASS">
          <reporter-output>
          </reporter-output>
        </test-method> <!-- LoginAPIHomeLoan -->
        <test-method signature="MobileLoginHomeLoan(java.lang.String)[pri:0, instance:test.Day4@4ef37659]" started-at="2021-02-05T15:19:45 IST" name="MobileLoginHomeLoan" finished-at="2021-02-05T15:19:45 IST" duration-ms="1" status="PASS">
          <params>
            <param index="0">
              <value>
                <![CDATA[qaclickacademy.com]]>
              </value>
            </param>
          </params>
          <reporter-output>
          </reporter-output>
        </test-method> <!-- MobileLoginHomeLoan -->
        <test-method signature="WebLoginHomeLoan()[pri:0, instance:test.Day4@4ef37659]" started-at="2021-02-05T15:19:45 IST" name="WebLoginHomeLoan" finished-at="2021-02-05T15:19:45 IST" duration-ms="1" status="PASS">
          <reporter-output>
          </reporter-output>
        </test-method> <!-- WebLoginHomeLoan -->
      </class> <!-- test.Day4 -->
    </test> <!-- Personal Loan -->
    <test started-at="2021-02-05T15:19:45 IST" name="Car Loan" finished-at="2021-02-05T15:19:45 IST" duration-ms="22">
      <class name="test.Day1">
        <test-method is-config="true" signature="aftersuite()[pri:0, instance:test.Day1@44a7bfbc]" started-at="2021-02-05T15:19:45 IST" name="aftersuite" finished-at="2021-02-05T15:19:45 IST" duration-ms="0" status="PASS">
          <reporter-output>
          </reporter-output>
        </test-method> <!-- aftersuite -->
      </class> <!-- test.Day1 -->
      <class name="test.Day3">
        <test-method is-config="true" signature="beforesuite()[pri:0, instance:test.Day3@625732]" started-at="2021-02-05T15:19:45 IST" name="beforesuite" finished-at="2021-02-05T15:19:45 IST" duration-ms="9" status="PASS">
          <reporter-output>
          </reporter-output>
        </test-method> <!-- beforesuite -->
        <test-method is-config="true" signature="beforemethod()[pri:0, instance:test.Day3@625732]" started-at="2021-02-05T15:19:45 IST" name="beforemethod" finished-at="2021-02-05T15:19:45 IST" duration-ms="0" status="PASS">
          <reporter-output>
          </reporter-output>
        </test-method> <!-- beforemethod -->
        <test-method signature="MobileHomepageCarLoan(java.lang.String, java.lang.String)[pri:0, instance:test.Day3@625732]" started-at="2021-02-05T15:19:45 IST" name="MobileHomepageCarLoan" data-provider="getData" finished-at="2021-02-05T15:19:45 IST" duration-ms="1" status="PASS">
          <params>
            <param index="0">
              <value>
                <![CDATA[firstusername]]>
              </value>
            </param>
            <param index="1">
              <value>
                <![CDATA[firstpassword]]>
              </value>
            </param>
          </params>
          <reporter-output>
          </reporter-output>
        </test-method> <!-- MobileHomepageCarLoan -->
        <test-method is-config="true" signature="aftermethod()[pri:0, instance:test.Day3@625732]" started-at="2021-02-05T15:19:45 IST" name="aftermethod" finished-at="2021-02-05T15:19:45 IST" duration-ms="0" status="PASS">
          <reporter-output>
          </reporter-output>
        </test-method> <!-- aftermethod -->
        <test-method is-config="true" signature="beforemethod()[pri:0, instance:test.Day3@625732]" started-at="2021-02-05T15:19:45 IST" name="beforemethod" finished-at="2021-02-05T15:19:45 IST" duration-ms="0" status="PASS">
          <reporter-output>
          </reporter-output>
        </test-method> <!-- beforemethod -->
        <test-method signature="MobileHomepageCarLoan(java.lang.String, java.lang.String)[pri:0, instance:test.Day3@625732]" started-at="2021-02-05T15:19:45 IST" name="MobileHomepageCarLoan" data-provider="getData" finished-at="2021-02-05T15:19:45 IST" duration-ms="0" status="PASS">
          <params>
            <param index="0">
              <value>
                <![CDATA[secondusername]]>
              </value>
            </param>
            <param index="1">
              <value>
                <![CDATA[secondpassword]]>
              </value>
            </param>
          </params>
          <reporter-output>
          </reporter-output>
        </test-method> <!-- MobileHomepageCarLoan -->
        <test-method is-config="true" signature="aftermethod()[pri:0, instance:test.Day3@625732]" started-at="2021-02-05T15:19:45 IST" name="aftermethod" finished-at="2021-02-05T15:19:45 IST" duration-ms="1" status="PASS">
          <reporter-output>
          </reporter-output>
        </test-method> <!-- aftermethod -->
        <test-method signature="MobileHomepageCarLoan(java.lang.String, java.lang.String)[pri:0, instance:test.Day3@625732]" started-at="2021-02-05T15:19:45 IST" name="MobileHomepageCarLoan" data-provider="getData" finished-at="2021-02-05T15:19:45 IST" duration-ms="1" status="PASS">
          <params>
            <param index="0">
              <value>
                <![CDATA[secondusername]]>
              </value>
            </param>
            <param index="1">
              <value>
                <![CDATA[secondpassword]]>
              </value>
            </param>
          </params>
          <reporter-output>
          </reporter-output>
        </test-method> <!-- MobileHomepageCarLoan -->
        <test-method is-config="true" signature="beforemethod()[pri:0, instance:test.Day3@625732]" started-at="2021-02-05T15:19:45 IST" name="beforemethod" finished-at="2021-02-05T15:19:45 IST" duration-ms="0" status="PASS">
          <reporter-output>
          </reporter-output>
        </test-method> <!-- beforemethod -->
        <test-method is-config="true" signature="aftermethod()[pri:0, instance:test.Day3@625732]" started-at="2021-02-05T15:19:45 IST" name="aftermethod" finished-at="2021-02-05T15:19:45 IST" duration-ms="1" status="PASS">
          <reporter-output>
          </reporter-output>
        </test-method> <!-- aftermethod -->
        <test-method signature="MobileLogoutCarLoan()[pri:0, instance:test.Day3@625732]" started-at="2021-02-05T15:19:45 IST" name="MobileLogoutCarLoan" finished-at="2021-02-05T15:19:45 IST" duration-ms="1" status="PASS">
          <reporter-output>
          </reporter-output>
        </test-method> <!-- MobileLogoutCarLoan -->
        <test-method is-config="true" signature="beforemethod()[pri:0, instance:test.Day3@625732]" started-at="2021-02-05T15:19:45 IST" name="beforemethod" finished-at="2021-02-05T15:19:45 IST" duration-ms="0" status="PASS">
          <reporter-output>
          </reporter-output>
        </test-method> <!-- beforemethod -->
        <test-method is-config="true" signature="aftermethod()[pri:0, instance:test.Day3@625732]" started-at="2021-02-05T15:19:45 IST" name="aftermethod" finished-at="2021-02-05T15:19:45 IST" duration-ms="1" status="PASS">
          <reporter-output>
          </reporter-output>
        </test-method> <!-- aftermethod -->
        <test-method is-config="true" signature="beforemethod()[pri:0, instance:test.Day3@625732]" started-at="2021-02-05T15:19:45 IST" name="beforemethod" finished-at="2021-02-05T15:19:45 IST" duration-ms="0" status="PASS">
          <reporter-output>
          </reporter-output>
        </test-method> <!-- beforemethod -->
        <test-method signature="WebLoginCarLoan()[pri:0, instance:test.Day3@625732]" started-at="2021-02-05T15:19:45 IST" name="WebLoginCarLoan" finished-at="2021-02-05T15:19:45 IST" duration-ms="5" status="PASS">
          <reporter-output>
          </reporter-output>
        </test-method> <!-- WebLoginCarLoan -->
        <test-method is-config="true" signature="aftermethod()[pri:0, instance:test.Day3@625732]" started-at="2021-02-05T15:19:45 IST" name="aftermethod" finished-at="2021-02-05T15:19:45 IST" duration-ms="1" status="PASS">
          <reporter-output>
          </reporter-output>
        </test-method> <!-- aftermethod -->
        <test-method is-config="true" signature="beforemethod()[pri:0, instance:test.Day3@625732]" started-at="2021-02-05T15:19:45 IST" name="beforemethod" finished-at="2021-02-05T15:19:45 IST" duration-ms="0" status="PASS">
          <reporter-output>
          </reporter-output>
        </test-method> <!-- beforemethod -->
        <test-method signature="LoginAPICarLoan()[pri:0, instance:test.Day3@625732]" started-at="2021-02-05T15:19:45 IST" name="LoginAPICarLoan" finished-at="2021-02-05T15:19:45 IST" depends-on-methods="test.Day3.MobileHomepageCarLoan, test.Day3.MobileLogoutCarLoan" duration-ms="0" status="PASS">
          <reporter-output>
          </reporter-output>
        </test-method> <!-- LoginAPICarLoan -->
        <test-method is-config="true" signature="aftermethod()[pri:0, instance:test.Day3@625732]" started-at="2021-02-05T15:19:45 IST" name="aftermethod" finished-at="2021-02-05T15:19:45 IST" duration-ms="0" status="PASS">
          <reporter-output>
          </reporter-output>
        </test-method> <!-- aftermethod -->
      </class> <!-- test.Day3 -->
    </test> <!-- Car Loan -->
  </suite> <!-- Loan Department -->
</testng-results>
