<?xml version="1.0" encoding="UTF-8"?>
<testng-results ignored="0" total="1" passed="1" failed="0" skipped="0">
  <reporter-output>
  </reporter-output>
  <suite started-at="2021-02-06T15:37:11 IST" name="Default suite" finished-at="2021-02-06T15:37:18 IST" duration-ms="6751">
    <groups>
    </groups>
    <test started-at="2021-02-06T15:37:11 IST" name="Default test" finished-at="2021-02-06T15:37:18 IST" duration-ms="6751">
      <class name="com.maven.ExtentReportDemo">
        <test-method is-config="true" signature="config()[pri:0, instance:com.maven.ExtentReportDemo@2cd2a21f]" started-at="2021-02-06T15:37:11 IST" name="config" finished-at="2021-02-06T15:37:12 IST" duration-ms="447" status="PASS">
          <reporter-output>
          </reporter-output>
        </test-method> <!-- config -->
        <test-method signature="initialDemo()[pri:0, instance:com.maven.ExtentReportDemo@2cd2a21f]" started-at="2021-02-06T15:37:12 IST" name="initialDemo" finished-at="2021-02-06T15:37:18 IST" duration-ms="6274" status="PASS">
          <reporter-output>
          </reporter-output>
        </test-method> <!-- initialDemo -->
      </class> <!-- com.maven.ExtentReportDemo -->
    </test> <!-- Default test -->
  </suite> <!-- Default suite -->
</testng-results>
