<?xml version="1.0" encoding="UTF-8"?>
<testng-results ignored="0" total="3" passed="3" failed="0" skipped="0">
  <reporter-output>
  </reporter-output>
  <suite started-at="2021-01-31T21:50:41 IST" name="Default suite" finished-at="2021-01-31T21:50:42 IST" duration-ms="43">
    <groups>
    </groups>
    <test started-at="2021-01-31T21:50:41 IST" name="Default test" finished-at="2021-01-31T21:50:42 IST" duration-ms="43">
      <class name="test1">
        <test-method signature="regular()[pri:0, instance:test1@2e377400]" started-at="2021-01-31T21:50:41 IST" name="regular" finished-at="2021-01-31T21:50:42 IST" duration-ms="5" status="PASS">
          <reporter-output>
          </reporter-output>
        </test-method> <!-- regular -->
        <test-method signature="streamFilter()[pri:0, instance:test1@2e377400]" started-at="2021-01-31T21:50:42 IST" name="streamFilter" finished-at="2021-01-31T21:50:42 IST" duration-ms="4" status="PASS">
          <reporter-output>
          </reporter-output>
        </test-method> <!-- streamFilter -->
        <test-method signature="streamMap()[pri:0, instance:test1@2e377400]" started-at="2021-01-31T21:50:42 IST" name="streamMap" finished-at="2021-01-31T21:50:42 IST" duration-ms="2" status="PASS">
          <reporter-output>
          </reporter-output>
        </test-method> <!-- streamMap -->
      </class> <!-- test1 -->
    </test> <!-- Default test -->
  </suite> <!-- Default suite -->
</testng-results>
