<?xml version="1.0" encoding="UTF-8"?>
<!-- Generated by org.testng.reporters.JUnitXMLReporter -->
<testsuite hostname="LAPTOP-VVQB2GH0" ignored="0" name="Surefire test" tests="6" failures="0" timestamp="2021-02-05T18:32:26 IST" time="0.042" errors="0">
  <testcase name="NativeApp" time="0.004" classname="com.maven.AppiumTest"/>
  <testcase name="hybridApp" time="0.0" classname="com.maven.AppiumTest"/>
  <testcase name="deletetwitter" time="0.001" classname="com.maven.RestApiTest"/>
  <testcase name="postJira" time="0.0" classname="com.maven.RestApiTest"/>
  <testcase name="BrowserAutomation" time="0.0" classname="com.maven.SeleniumTest"/>
  <testcase name="elementsUI" time="0.0" classname="com.maven.SeleniumTest"/>
</testsuite> <!-- Surefire test -->
