<?xml version="1.0" encoding="UTF-8"?>
<!-- Generated by org.testng.reporters.JUnitXMLReporter -->
<testsuite hostname="LAPTOP-VVQB2GH0" ignored="0" name="Test" tests="4" failures="0" timestamp="2021-02-08T20:30:26 IST" time="24.927" errors="0">
  <testcase name="basePageNavigation" time="0.052" classname="com.e2e.test.validateTitle"/>
  <testcase name="basePageNavigation" time="0.059" classname="com.e2e.test.validateNavigationBar"/>
  <testcase name="basePageNavigation" time="4.409" classname="com.e2e.test.HomePage"/>
  <testcase name="basePageNavigation" time="2.419" classname="com.e2e.test.HomePage"/>
</testsuite> <!-- Test -->
