<?xml version="1.0" encoding="UTF-8"?>
<!-- Generated by org.testng.reporters.JUnitXMLReporter -->
<testsuite ignored="1" hostname="LAPTOP-VVQB2GH0" failures="0" tests="6" name="Car Loan" time="0.022" errors="0" timestamp="2021-02-05T15:19:45 IST">
  <testcase classname="test.Day3" name="MobileHomepageCarLoan" time="0.001"/>
  <testcase classname="test.Day3" name="MobileHomepageCarLoan" time="0.0"/>
  <testcase classname="test.Day3" name="MobileHomepageCarLoan" time="0.001"/>
  <testcase classname="test.Day3" name="MobileLogoutCarLoan" time="0.001"/>
  <testcase classname="test.Day3" name="WebLoginCarLoan" time="0.005"/>
  <testcase classname="test.Day3" name="LoginAPICarLoan" time="0.0"/>
  <testcase classname="test.Day3" name="MobileLoginCarLoan" time="0.0">
    <ignored/>
  </testcase> <!-- MobileLoginCarLoan -->
</testsuite> <!-- Car Loan -->
