<?xml version="1.0" encoding="UTF-8"?>
<!-- Generated by org.testng.reporters.JUnitXMLReporter -->
<testsuite ignored="1" hostname="LAPTOP-VVQB2GH0" failures="0" tests="5" name="Personal Loan" time="0.039" errors="0" timestamp="2021-02-05T15:19:45 IST">
  <testcase classname="test.Day1" name="demo" time="0.003"/>
  <testcase classname="test.Day2" name="demo2" time="0.001"/>
  <testcase classname="test.Day4" name="LoginAPIHomeLoan" time="0.001"/>
  <testcase classname="test.Day4" name="MobileLoginHomeLoan" time="0.001"/>
  <testcase classname="test.Day4" name="WebLoginHomeLoan" time="0.001"/>
  <testcase classname="test.Day1" name="demo2" time="0.0">
    <ignored/>
  </testcase> <!-- demo2 -->
</testsuite> <!-- Personal Loan -->
