<?xml version="1.0" encoding="UTF-8"?>
<!-- Generated by org.testng.reporters.JUnitXMLReporter -->
<testsuite ignored="8" hostname="LAPTOP-VVQB2GH0" failures="0" tests="3" name="Smoke Group" time="0.093" errors="0" timestamp="2021-02-04T20:09:10 IST">
  <testcase classname="test.Day2" name="demo2" time="0.007"/>
  <testcase classname="test.Day3" name="MobileLogoutCarLoan" time="0.001"/>
  <testcase classname="test.Day4" name="WebLoginHomeLoan" time="0.001"/>
  <testcase classname="test.Day4" name="LoginAPIHomeLoan" time="0.0">
    <ignored/>
  </testcase> <!-- LoginAPIHomeLoan -->
  <testcase classname="test.Day4" name="MobileLoginHomeLoan" time="0.0">
    <ignored/>
  </testcase> <!-- MobileLoginHomeLoan -->
  <testcase classname="test.Day3" name="LoginAPICarLoan" time="0.0">
    <ignored/>
  </testcase> <!-- LoginAPICarLoan -->
  <testcase classname="test.Day3" name="MobileLoginCarLoan" time="0.0">
    <ignored/>
  </testcase> <!-- MobileLoginCarLoan -->
  <testcase classname="test.Day1" name="demo" time="0.0">
    <ignored/>
  </testcase> <!-- demo -->
  <testcase classname="test.Day1" name="demo2" time="0.0">
    <ignored/>
  </testcase> <!-- demo2 -->
  <testcase classname="test.Day3" name="MobileHomepageCarLoan" time="0.0">
    <ignored/>
  </testcase> <!-- MobileHomepageCarLoan -->
  <testcase classname="test.Day3" name="WebLoginCarLoan" time="0.0">
    <ignored/>
  </testcase> <!-- WebLoginCarLoan -->
</testsuite> <!-- Smoke Group -->
