<?xml version="1.0" encoding="UTF-8"?>
<testng-results skipped="0" failed="0" ignored="0" total="6" passed="6">
  <reporter-output>
  </reporter-output>
  <suite name="Suite" duration-ms="47" started-at="2021-02-06T12:32:13 IST" finished-at="2021-02-06T12:32:13 IST">
    <groups>
    </groups>
    <test name="Test" duration-ms="47" started-at="2021-02-06T12:32:13 IST" finished-at="2021-02-06T12:32:13 IST">
      <class name="com.maven.RestApiTest">
        <test-method status="PASS" signature="postJira()[pri:0, instance:com.maven.RestApiTest@31ef45e3]" name="postJira" duration-ms="0" started-at="2021-02-06T12:32:13 IST" finished-at="2021-02-06T12:32:13 IST">
          <reporter-output>
          </reporter-output>
        </test-method> <!-- postJira -->
        <test-method status="PASS" signature="deletetwitter()[pri:0, instance:com.maven.RestApiTest@31ef45e3]" name="deletetwitter" duration-ms="0" started-at="2021-02-06T12:32:13 IST" finished-at="2021-02-06T12:32:13 IST">
          <reporter-output>
          </reporter-output>
        </test-method> <!-- deletetwitter -->
      </class> <!-- com.maven.RestApiTest -->
      <class name="com.maven.AppiumTest">
        <test-method status="PASS" signature="NativeApp()[pri:0, instance:com.maven.AppiumTest@57fffcd7]" name="NativeApp" duration-ms="7" started-at="2021-02-06T12:32:13 IST" finished-at="2021-02-06T12:32:13 IST">
          <reporter-output>
          </reporter-output>
        </test-method> <!-- NativeApp -->
        <test-method status="PASS" signature="hybridApp()[pri:0, instance:com.maven.AppiumTest@57fffcd7]" name="hybridApp" duration-ms="0" started-at="2021-02-06T12:32:13 IST" finished-at="2021-02-06T12:32:13 IST">
          <reporter-output>
          </reporter-output>
        </test-method> <!-- hybridApp -->
      </class> <!-- com.maven.AppiumTest -->
      <class name="com.maven.SeleniumTest">
        <test-method status="PASS" signature="BrowserAutomation()[pri:0, instance:com.maven.SeleniumTest@598067a5]" name="BrowserAutomation" duration-ms="0" started-at="2021-02-06T12:32:13 IST" finished-at="2021-02-06T12:32:13 IST">
          <reporter-output>
          </reporter-output>
        </test-method> <!-- BrowserAutomation -->
        <test-method status="PASS" signature="elementsUI()[pri:0, instance:com.maven.SeleniumTest@598067a5]" name="elementsUI" duration-ms="0" started-at="2021-02-06T12:32:13 IST" finished-at="2021-02-06T12:32:13 IST">
          <reporter-output>
          </reporter-output>
        </test-method> <!-- elementsUI -->
      </class> <!-- com.maven.SeleniumTest -->
    </test> <!-- Test -->
  </suite> <!-- Suite -->
</testng-results>
