<?xml version="1.0" encoding="UTF-8"?>
<!-- Generated by org.testng.reporters.JUnitXMLReporter -->
<testsuite hostname="LAPTOP-VVQB2GH0" ignored="0" name="Test" tests="6" failures="0" timestamp="2021-02-06T12:32:13 IST" time="0.047" errors="0">
  <testcase name="NativeApp" time="0.007" classname="com.maven.AppiumTest"/>
  <testcase name="hybridApp" time="0.0" classname="com.maven.AppiumTest"/>
  <testcase name="deletetwitter" time="0.0" classname="com.maven.RestApiTest"/>
  <testcase name="postJira" time="0.0" classname="com.maven.RestApiTest"/>
  <testcase name="BrowserAutomation" time="0.0" classname="com.maven.SeleniumTest"/>
  <testcase name="elementsUI" time="0.0" classname="com.maven.SeleniumTest"/>
</testsuite> <!-- Test -->
